  [1m[35m (416.5ms)[0m  [1m[35mCREATE DATABASE "FlashOfBrilliance_development" ENCODING = 'unicode'[0m
  ↳ bin/rails:9
  [1m[35m (205.6ms)[0m  [1m[35mCREATE DATABASE "FlashOfBrilliance_test" ENCODING = 'unicode'[0m
  ↳ bin/rails:9
  [1m[35m (30.2ms)[0m  [1m[35mCREATE TABLE "schema_migrations" ("version" character varying NOT NULL PRIMARY KEY)[0m
  ↳ bin/rails:9
  [1m[35m (26.2ms)[0m  [1m[35mCREATE TABLE "ar_internal_metadata" ("key" character varying NOT NULL PRIMARY KEY, "value" character varying, "created_at" timestamp NOT NULL, "updated_at" timestamp NOT NULL)[0m
  ↳ bin/rails:9
  [1m[35m (0.8ms)[0m  [1m[34mSELECT pg_try_advisory_lock(4027208233535809140)[0m
  ↳ bin/rails:9
  [1m[35m (0.8ms)[0m  [1m[34mSELECT "schema_migrations"."version" FROM "schema_migrations" ORDER BY "schema_migrations"."version" ASC[0m
  ↳ bin/rails:9
Migrating to CreateUsers (20201012192145)
  [1m[35m (0.2ms)[0m  [1m[35mBEGIN[0m
  ↳ bin/rails:9
  [1m[35m (30.9ms)[0m  [1m[35mCREATE TABLE "users" ("id" bigserial primary key, "username" character varying NOT NULL, "password_digest" character varying NOT NULL, "session_token" character varying NOT NULL, "created_at" timestamp NOT NULL, "updated_at" timestamp NOT NULL)[0m
  ↳ db/migrate/20201012192145_create_users.rb:3
  [1m[35m (2.1ms)[0m  [1m[35mCREATE UNIQUE INDEX  "index_users_on_username" ON "users"  ("username")[0m
  ↳ db/migrate/20201012192145_create_users.rb:10
  [1m[35m (1.1ms)[0m  [1m[35mCREATE UNIQUE INDEX  "index_users_on_session_token" ON "users"  ("session_token")[0m
  ↳ db/migrate/20201012192145_create_users.rb:11
  [1m[36mActiveRecord::SchemaMigration Create (1.2ms)[0m  [1m[32mINSERT INTO "schema_migrations" ("version") VALUES ($1) RETURNING "version"[0m  [["version", "20201012192145"]]
  ↳ bin/rails:9
  [1m[35m (0.6ms)[0m  [1m[35mCOMMIT[0m
  ↳ bin/rails:9
  [1m[36mActiveRecord::InternalMetadata Load (0.7ms)[0m  [1m[34mSELECT  "ar_internal_metadata".* FROM "ar_internal_metadata" WHERE "ar_internal_metadata"."key" = $1 LIMIT $2[0m  [["key", "environment"], ["LIMIT", 1]]
  ↳ bin/rails:9
  [1m[35m (0.2ms)[0m  [1m[35mBEGIN[0m
  ↳ bin/rails:9
  [1m[36mActiveRecord::InternalMetadata Create (0.6ms)[0m  [1m[32mINSERT INTO "ar_internal_metadata" ("key", "value", "created_at", "updated_at") VALUES ($1, $2, $3, $4) RETURNING "key"[0m  [["key", "environment"], ["value", "development"], ["created_at", "2020-10-12 20:44:38.791524"], ["updated_at", "2020-10-12 20:44:38.791524"]]
  ↳ bin/rails:9
  [1m[35m (6.3ms)[0m  [1m[35mCOMMIT[0m
  ↳ bin/rails:9
  [1m[35m (0.9ms)[0m  [1m[34mSELECT pg_advisory_unlock(4027208233535809140)[0m
  ↳ bin/rails:9
  [1m[35m (1.0ms)[0m  [1m[34mSELECT "schema_migrations"."version" FROM "schema_migrations" ORDER BY "schema_migrations"."version" ASC[0m
  ↳ bin/rails:9
  [1m[35m (0.4ms)[0m  [1m[34mSELECT pg_try_advisory_lock(4027208233535809140)[0m
  ↳ bin/rails:9
  [1m[35m (7.2ms)[0m  [1m[34mSELECT "schema_migrations"."version" FROM "schema_migrations" ORDER BY "schema_migrations"."version" ASC[0m
  ↳ bin/rails:9
Migrating to EditUser (20201012210907)
  [1m[35m (0.3ms)[0m  [1m[35mBEGIN[0m
  ↳ bin/rails:9
  [1m[35m (30.6ms)[0m  [1m[35mALTER TABLE "users" ADD "email" character varying NOT NULL[0m
  ↳ db/migrate/20201012210907_edit_user.rb:3
  [1m[35m (6.5ms)[0m  [1m[35mCREATE UNIQUE INDEX  "index_users_on_email" ON "users"  ("email")[0m
  ↳ db/migrate/20201012210907_edit_user.rb:4
  [1m[36mActiveRecord::SchemaMigration Create (1.9ms)[0m  [1m[32mINSERT INTO "schema_migrations" ("version") VALUES ($1) RETURNING "version"[0m  [["version", "20201012210907"]]
  ↳ bin/rails:9
  [1m[35m (18.6ms)[0m  [1m[35mCOMMIT[0m
  ↳ bin/rails:9
  [1m[36mActiveRecord::InternalMetadata Load (3.9ms)[0m  [1m[34mSELECT  "ar_internal_metadata".* FROM "ar_internal_metadata" WHERE "ar_internal_metadata"."key" = $1 LIMIT $2[0m  [["key", "environment"], ["LIMIT", 1]]
  ↳ bin/rails:9
  [1m[35m (0.2ms)[0m  [1m[35mBEGIN[0m
  ↳ bin/rails:9
  [1m[35m (0.2ms)[0m  [1m[35mCOMMIT[0m
  ↳ bin/rails:9
  [1m[35m (7.6ms)[0m  [1m[34mSELECT pg_advisory_unlock(4027208233535809140)[0m
  ↳ bin/rails:9
  [1m[35m (1.7ms)[0m  [1m[34mSELECT "schema_migrations"."version" FROM "schema_migrations" ORDER BY "schema_migrations"."version" ASC[0m
  ↳ bin/rails:9
Started GET "/" for ::1 at 2020-10-12 15:25:50 -0700
  [1m[35m (2.5ms)[0m  [1m[34mSELECT "schema_migrations"."version" FROM "schema_migrations" ORDER BY "schema_migrations"."version" ASC[0m
  ↳ /Users/brandonleong/.rbenv/versions/2.5.1/lib/ruby/gems/2.5.0/gems/activerecord-5.2.4.4/lib/active_record/log_subscriber.rb:98

SyntaxError - syntax error, unexpected '!', expecting keyword_end
        @current_user!!
                     ^
/Users/brandonleong/Desktop/FlashOfBrilliance/app/controllers/application_controller.rb:23: syntax error, unexpected tIDENTIFIER, expecting keyword_end
...'invalid credentials'] } status: 422
...                         ^~~~~~
/Users/brandonleong/Desktop/FlashOfBrilliance/app/controllers/application_controller.rb:32: syntax error, unexpected end-of-input, expecting keyword_end:
  app/controllers/application_controller.rb:12:in `'
  app/controllers/static_pages_controller.rb:1:in `<top (required)>'

Started POST "/__better_errors/9389d51ec0302b64/variables" for ::1 at 2020-10-12 15:25:51 -0700
Started GET "/" for ::1 at 2020-10-12 15:26:21 -0700

SyntaxError - syntax error, unexpected keyword_end
    end
    ^~~
/Users/brandonleong/Desktop/FlashOfBrilliance/app/controllers/application_controller.rb:23: syntax error, unexpected tIDENTIFIER, expecting keyword_end
...'invalid credentials'] } status: 422
...                         ^~~~~~
/Users/brandonleong/Desktop/FlashOfBrilliance/app/controllers/application_controller.rb:32: syntax error, unexpected end-of-input, expecting keyword_end:
  app/controllers/application_controller.rb:13:in `'
  app/controllers/static_pages_controller.rb:1:in `<top (required)>'

Started POST "/__better_errors/dca1a52def3ff319/variables" for ::1 at 2020-10-12 15:26:22 -0700
Started GET "/" for ::1 at 2020-10-12 15:26:26 -0700

SyntaxError - syntax error, unexpected keyword_end
    end
    ^~~
/Users/brandonleong/Desktop/FlashOfBrilliance/app/controllers/application_controller.rb:23: syntax error, unexpected tIDENTIFIER, expecting keyword_end
...'invalid credentials'] } status: 422
...                         ^~~~~~
/Users/brandonleong/Desktop/FlashOfBrilliance/app/controllers/application_controller.rb:32: syntax error, unexpected end-of-input, expecting keyword_end:
  app/controllers/application_controller.rb:13:in `'
  app/controllers/static_pages_controller.rb:1:in `<top (required)>'

Started POST "/__better_errors/325ee51b23b8aede/variables" for ::1 at 2020-10-12 15:26:27 -0700
Started POST "/__better_errors/325ee51b23b8aede/variables" for ::1 at 2020-10-12 15:26:37 -0700
Started GET "/" for ::1 at 2020-10-12 15:26:53 -0700

SyntaxError - syntax error, unexpected tIDENTIFIER, expecting keyword_end
...'invalid credentials'] } status: 422
...                         ^~~~~~:
  app/controllers/application_controller.rb:23:in `'
  app/controllers/static_pages_controller.rb:1:in `<top (required)>'

Started POST "/__better_errors/366a0306616bb166/variables" for ::1 at 2020-10-12 15:26:54 -0700
Started GET "/" for ::1 at 2020-10-12 15:27:20 -0700

SyntaxError - syntax error, unexpected tIDENTIFIER, expecting keyword_end
...'invalid credentials'] } status: 401
...                         ^~~~~~:
  app/controllers/application_controller.rb:23:in `'
  app/controllers/static_pages_controller.rb:1:in `<top (required)>'

Started POST "/__better_errors/0de711af89750994/variables" for ::1 at 2020-10-12 15:27:21 -0700
Started GET "/" for ::1 at 2020-10-12 15:28:04 -0700

SyntaxError - syntax error, unexpected tIDENTIFIER, expecting keyword_end
...'invalid credentials'] } status: 401
...                         ^~~~~~
/Users/brandonleong/Desktop/FlashOfBrilliance/app/controllers/application_controller.rb:33: syntax error, unexpected keyword_end, expecting end-of-input:
  app/controllers/application_controller.rb:24:in `'
  app/controllers/static_pages_controller.rb:1:in `<top (required)>'

Started POST "/__better_errors/c1b98981a2879502/variables" for ::1 at 2020-10-12 15:28:05 -0700
Started POST "/__better_errors/c1b98981a2879502/variables" for ::1 at 2020-10-12 15:28:07 -0700
Started GET "/" for ::1 at 2020-10-12 15:29:21 -0700

SyntaxError - syntax error, unexpected tIDENTIFIER, expecting keyword_end
...'invalid credentials'] } status: 401
...                         ^~~~~~:
  app/controllers/application_controller.rb:30:in `'
  app/controllers/static_pages_controller.rb:1:in `<top (required)>'

Started POST "/__better_errors/c202925794ef0d75/variables" for ::1 at 2020-10-12 15:29:22 -0700
Started POST "/__better_errors/c202925794ef0d75/variables" for ::1 at 2020-10-12 15:29:28 -0700
Started GET "/" for ::1 at 2020-10-12 15:33:34 -0700
Processing by StaticPagesController#root as HTML
  Rendering static_pages/root.html.erb within layouts/application
  Rendered static_pages/root.html.erb within layouts/application (17.6ms)
Completed 200 OK in 3280ms (Views: 3275.7ms | ActiveRecord: 0.0ms)


Started GET "/" for ::1 at 2020-10-12 15:33:38 -0700
Processing by StaticPagesController#root as HTML
  Rendering static_pages/root.html.erb within layouts/application
  Rendered static_pages/root.html.erb within layouts/application (1.2ms)
Completed 200 OK in 173ms (Views: 169.1ms | ActiveRecord: 0.0ms)


Started GET "/" for ::1 at 2020-10-12 16:02:53 -0700
Processing by StaticPagesController#root as HTML
  Rendering static_pages/root.html.erb within layouts/application
  Rendered static_pages/root.html.erb within layouts/application (1.4ms)
Completed 200 OK in 104ms (Views: 96.4ms | ActiveRecord: 0.0ms)


Started GET "/" for ::1 at 2020-10-12 16:03:05 -0700
Processing by StaticPagesController#root as HTML
  Rendering static_pages/root.html.erb within layouts/application
  Rendered static_pages/root.html.erb within layouts/application (0.4ms)
Completed 200 OK in 51ms (Views: 45.6ms | ActiveRecord: 0.0ms)


Started GET "/" for ::1 at 2020-10-12 16:03:19 -0700
Processing by StaticPagesController#root as HTML
  Rendering static_pages/root.html.erb within layouts/application
  Rendered static_pages/root.html.erb within layouts/application (0.4ms)
Completed 200 OK in 62ms (Views: 59.3ms | ActiveRecord: 0.0ms)


Started GET "/" for ::1 at 2020-10-12 16:05:13 -0700
Processing by StaticPagesController#root as HTML
  Rendering static_pages/root.html.erb within layouts/application
  Rendered static_pages/root.html.erb within layouts/application (0.4ms)
Completed 200 OK in 87ms (Views: 81.0ms | ActiveRecord: 0.0ms)


Started GET "/" for ::1 at 2020-10-12 16:05:43 -0700
Processing by StaticPagesController#root as HTML
  Rendering static_pages/root.html.erb within layouts/application
  Rendered static_pages/root.html.erb within layouts/application (0.6ms)
Completed 200 OK in 533ms (Views: 526.6ms | ActiveRecord: 0.0ms)


Started GET "/" for ::1 at 2020-10-12 16:08:01 -0700
Processing by StaticPagesController#root as HTML
  Rendering static_pages/root.html.erb within layouts/application
  Rendered static_pages/root.html.erb within layouts/application (3.5ms)
Completed 200 OK in 953ms (Views: 947.0ms | ActiveRecord: 0.0ms)


Started GET "/" for ::1 at 2020-10-12 16:09:03 -0700
Processing by StaticPagesController#root as HTML
  Rendering static_pages/root.html.erb within layouts/application
  Rendered static_pages/root.html.erb within layouts/application (0.5ms)
Completed 200 OK in 461ms (Views: 455.1ms | ActiveRecord: 0.0ms)


Started GET "/" for ::1 at 2020-10-12 16:10:00 -0700
Processing by StaticPagesController#root as HTML
  Rendering static_pages/root.html.erb within layouts/application
  Rendered static_pages/root.html.erb within layouts/application (0.4ms)
Completed 200 OK in 55ms (Views: 52.1ms | ActiveRecord: 0.0ms)


Started GET "/" for ::1 at 2020-10-12 16:14:23 -0700
Processing by StaticPagesController#root as HTML
  Rendering static_pages/root.html.erb within layouts/application
  Rendered static_pages/root.html.erb within layouts/application (1.9ms)
Completed 200 OK in 529ms (Views: 523.9ms | ActiveRecord: 0.0ms)


Started GET "/" for ::1 at 2020-10-12 16:18:35 -0700
Processing by StaticPagesController#root as HTML
  Rendering static_pages/root.html.erb within layouts/application
  Rendered static_pages/root.html.erb within layouts/application (3.6ms)
Completed 200 OK in 126ms (Views: 115.5ms | ActiveRecord: 0.0ms)


Started GET "/" for ::1 at 2020-10-12 16:38:36 -0700
Processing by StaticPagesController#root as HTML
  Rendering static_pages/root.html.erb within layouts/application
  Rendered static_pages/root.html.erb within layouts/application (1.1ms)
Completed 200 OK in 975ms (Views: 967.7ms | ActiveRecord: 0.0ms)


Started POST "/api/users" for ::1 at 2020-10-12 16:38:42 -0700
Processing by Api::UsersController#create as JSON
  Parameters: {"user"=>{"username"=>"Estelle", "email"=>"EB@liberl.com", "password"=>"[FILTERED]"}}
Can't verify CSRF token authenticity.
Completed 422 Unprocessable Entity in 2ms (ActiveRecord: 0.0ms)



ActionController::InvalidAuthenticityToken - ActionController::InvalidAuthenticityToken:

Started GET "/" for ::1 at 2020-10-12 16:55:39 -0700
Processing by StaticPagesController#root as HTML
  Rendering static_pages/root.html.erb within layouts/application
  Rendered static_pages/root.html.erb within layouts/application (1.1ms)
Completed 200 OK in 629ms (Views: 612.0ms | ActiveRecord: 0.0ms)


Started POST "/api/users" for ::1 at 2020-10-12 16:56:32 -0700
Processing by Api::UsersController#create as JSON
  Parameters: {"user"=>{"email"=>"EB@liberl.com", "password"=>"[FILTERED]"}}
Can't verify CSRF token authenticity.
Completed 422 Unprocessable Entity in 2ms (ActiveRecord: 0.0ms)



ActionController::InvalidAuthenticityToken - ActionController::InvalidAuthenticityToken:

Started GET "/" for ::1 at 2020-10-12 16:57:00 -0700
Processing by StaticPagesController#root as HTML
  Rendering static_pages/root.html.erb within layouts/application
  Rendered static_pages/root.html.erb within layouts/application (0.7ms)
Completed 200 OK in 57ms (Views: 54.1ms | ActiveRecord: 0.0ms)


Started POST "/api/users" for ::1 at 2020-10-12 16:57:05 -0700
Processing by Api::UsersController#create as JSON
  Parameters: {"user"=>{"email"=>"EB@liberl.com", "password"=>"[FILTERED]"}}
Can't verify CSRF token authenticity.
Completed 422 Unprocessable Entity in 6ms (ActiveRecord: 0.0ms)



ActionController::InvalidAuthenticityToken - ActionController::InvalidAuthenticityToken:

Started GET "/" for ::1 at 2020-10-12 16:58:12 -0700
Processing by StaticPagesController#root as HTML
  Rendering static_pages/root.html.erb within layouts/application
  Rendered static_pages/root.html.erb within layouts/application (0.5ms)
Completed 200 OK in 70ms (Views: 65.0ms | ActiveRecord: 0.0ms)


Started POST "/api/users" for ::1 at 2020-10-12 16:58:18 -0700
Processing by Api::UsersController#create as JSON
  Parameters: {"user"=>{"email"=>"EB@liberl.com", "password"=>"[FILTERED]"}}
Can't verify CSRF token authenticity.
Completed 422 Unprocessable Entity in 1ms (ActiveRecord: 0.0ms)



ActionController::InvalidAuthenticityToken - ActionController::InvalidAuthenticityToken:

Started GET "/" for ::1 at 2020-10-12 17:06:59 -0700
Processing by StaticPagesController#root as HTML
  Rendering static_pages/root.html.erb within layouts/application
  Rendered static_pages/root.html.erb within layouts/application (0.7ms)
Completed 200 OK in 121ms (Views: 116.7ms | ActiveRecord: 0.0ms)


Started POST "/api/users" for ::1 at 2020-10-12 17:07:05 -0700
Processing by Api::UsersController#create as JSON
  Parameters: {"user"=>{"email"=>"EB@liberl.com", "password"=>"[FILTERED]"}}
Can't verify CSRF token authenticity.
Completed 422 Unprocessable Entity in 5ms (ActiveRecord: 0.0ms)



ActionController::InvalidAuthenticityToken - ActionController::InvalidAuthenticityToken:

Started GET "/" for ::1 at 2020-10-12 17:10:22 -0700
Processing by StaticPagesController#root as HTML
  Rendering static_pages/root.html.erb within layouts/application
  Rendered static_pages/root.html.erb within layouts/application (0.7ms)
Completed 200 OK in 114ms (Views: 110.8ms | ActiveRecord: 0.0ms)


Started POST "/api/users" for ::1 at 2020-10-12 17:10:28 -0700
Processing by Api::UsersController#create as JSON
  Parameters: {"user"=>{"email"=>"EB@liberl.com", "password"=>"[FILTERED]"}}
Completed 500 Internal Server Error in 7ms (ActiveRecord: 0.0ms)



SyntaxError - syntax error, unexpected tLABEL
...sername, session_token: unique: true
...                        ^~~~~~~:
  app/models/user.rb:5:in `'
  app/controllers/api/users_controller.rb:3:in `create'

Started GET "/" for ::1 at 2020-10-12 17:11:05 -0700
Processing by StaticPagesController#root as HTML
  Rendering static_pages/root.html.erb within layouts/application
  Rendered static_pages/root.html.erb within layouts/application (0.7ms)
Completed 200 OK in 83ms (Views: 78.5ms | ActiveRecord: 0.0ms)


Started POST "/api/users" for ::1 at 2020-10-12 17:11:09 -0700
Processing by Api::UsersController#create as JSON
  Parameters: {"user"=>{"email"=>"EB@liberl.com", "password"=>"[FILTERED]"}}
Completed 500 Internal Server Error in 4ms (ActiveRecord: 0.0ms)



SyntaxError - syntax error, unexpected ','
...ates :username, session_token:, unique: true
...                              ^:
  app/models/user.rb:5:in `'
  app/controllers/api/users_controller.rb:3:in `create'

Started GET "/" for ::1 at 2020-10-12 17:11:17 -0700
Processing by StaticPagesController#root as HTML
  Rendering static_pages/root.html.erb within layouts/application
  Rendered static_pages/root.html.erb within layouts/application (0.7ms)
Completed 200 OK in 89ms (Views: 86.5ms | ActiveRecord: 0.0ms)


Started POST "/api/users" for ::1 at 2020-10-12 17:11:22 -0700
Processing by Api::UsersController#create as JSON
  Parameters: {"user"=>{"email"=>"EB@liberl.com", "password"=>"[FILTERED]"}}
Completed 500 Internal Server Error in 4ms (ActiveRecord: 0.0ms)



SyntaxError - syntax error, unexpected ','
...ates :username, session_token:, unique: true
...                              ^:
  app/models/user.rb:5:in `'
  app/controllers/api/users_controller.rb:3:in `create'

Started GET "/" for ::1 at 2020-10-12 17:12:51 -0700
Processing by StaticPagesController#root as HTML
  Rendering static_pages/root.html.erb within layouts/application
  Rendered static_pages/root.html.erb within layouts/application (1.4ms)
Completed 200 OK in 109ms (Views: 76.7ms | ActiveRecord: 0.0ms)


Started GET "/" for ::1 at 2020-10-12 17:12:56 -0700
Processing by StaticPagesController#root as HTML
  Rendering static_pages/root.html.erb within layouts/application
  Rendered static_pages/root.html.erb within layouts/application (0.6ms)
Completed 200 OK in 55ms (Views: 50.1ms | ActiveRecord: 0.0ms)


Started POST "/api/users" for ::1 at 2020-10-12 17:13:02 -0700
Processing by Api::UsersController#create as JSON
  Parameters: {"user"=>{"email"=>"EB@liberl.com", "password"=>"[FILTERED]"}}
Completed 500 Internal Server Error in 3ms (ActiveRecord: 0.0ms)



SyntaxError - syntax error, unexpected ','
...idates  :email, session_token:, unique: true
...                              ^:
  app/models/user.rb:5:in `'
  app/controllers/api/users_controller.rb:3:in `create'

Started GET "/" for ::1 at 2020-10-12 17:13:27 -0700
Processing by StaticPagesController#root as HTML
  Rendering static_pages/root.html.erb within layouts/application
  Rendered static_pages/root.html.erb within layouts/application (0.6ms)
Completed 200 OK in 107ms (Views: 102.4ms | ActiveRecord: 0.0ms)


Started POST "/api/users" for ::1 at 2020-10-12 17:13:31 -0700
Processing by Api::UsersController#create as JSON
  Parameters: {"user"=>{"email"=>"EB@liberl.com", "password"=>"[FILTERED]"}}
Completed 500 Internal Server Error in 17ms (ActiveRecord: 0.0ms)



ArgumentError - Unknown validator: 'UniqueValidator':
  app/models/user.rb:5:in `<class:User>'
  app/models/user.rb:1:in `<top (required)>'
  app/controllers/api/users_controller.rb:3:in `create'

Started GET "/" for ::1 at 2020-10-12 17:14:31 -0700
Processing by StaticPagesController#root as HTML
  Rendering static_pages/root.html.erb within layouts/application
  Rendered static_pages/root.html.erb within layouts/application (0.6ms)
Completed 200 OK in 89ms (Views: 83.7ms | ActiveRecord: 0.0ms)


Started GET "/" for ::1 at 2020-10-12 17:14:57 -0700
Processing by StaticPagesController#root as HTML
  Rendering static_pages/root.html.erb within layouts/application
  Rendered static_pages/root.html.erb within layouts/application (0.6ms)
Completed 200 OK in 138ms (Views: 124.2ms | ActiveRecord: 0.0ms)


Started POST "/api/users" for ::1 at 2020-10-12 17:15:05 -0700
Processing by Api::UsersController#create as JSON
  Parameters: {"user"=>{"email"=>"EB@liberl.com", "password"=>"[FILTERED]"}}
  [1m[35m (0.3ms)[0m  [1m[35mBEGIN[0m
  ↳ app/controllers/api/users_controller.rb:5
  [1m[36mUser Exists (26.8ms)[0m  [1m[34mSELECT  1 AS one FROM "users" WHERE "users"."email" = $1 LIMIT $2[0m  [["email", "EB@liberl.com"], ["LIMIT", 1]]
  ↳ app/controllers/api/users_controller.rb:5
  [1m[36mUser Exists (0.8ms)[0m  [1m[34mSELECT  1 AS one FROM "users" WHERE "users"."session_token" = $1 LIMIT $2[0m  [["session_token", "10Ol_-08s1sGLUD29sw7bg"], ["LIMIT", 1]]
  ↳ app/controllers/api/users_controller.rb:5
  [1m[36mUser Create (4.5ms)[0m  [1m[32mINSERT INTO "users" ("password_digest", "session_token", "created_at", "updated_at", "email") VALUES ($1, $2, $3, $4, $5) RETURNING "id"[0m  [["password_digest", "$2a$12$/wYiLlHAnrFWZYlB7Ce/ke8KqWaRq6Sr1eUPmFSP3A.1SUXt0CqH2"], ["session_token", "10Ol_-08s1sGLUD29sw7bg"], ["created_at", "2020-10-13 00:15:05.728623"], ["updated_at", "2020-10-13 00:15:05.728623"], ["email", "EB@liberl.com"]]
  ↳ app/controllers/api/users_controller.rb:5
  [1m[35m (0.7ms)[0m  [1m[31mROLLBACK[0m
  ↳ app/controllers/api/users_controller.rb:5
Completed 500 Internal Server Error in 436ms (ActiveRecord: 81.1ms)



ActiveRecord::NotNullViolation - PG::NotNullViolation: ERROR:  null value in column "username" violates not-null constraint
DETAIL:  Failing row contains (1, null, $2a$12$/wYiLlHAnrFWZYlB7Ce/ke8KqWaRq6Sr1eUPmFSP3A.1SUXt0CqH2, 10Ol_-08s1sGLUD29sw7bg, 2020-10-13 00:15:05.728623, 2020-10-13 00:15:05.728623, EB@liberl.com).
: INSERT INTO "users" ("password_digest", "session_token", "created_at", "updated_at", "email") VALUES ($1, $2, $3, $4, $5) RETURNING "id":
  app/controllers/api/users_controller.rb:5:in `create'

Started GET "/" for ::1 at 2020-10-12 17:23:10 -0700
Processing by StaticPagesController#root as HTML
  Rendering static_pages/root.html.erb within layouts/application
  Rendered static_pages/root.html.erb within layouts/application (0.9ms)
Completed 200 OK in 123ms (Views: 115.2ms | ActiveRecord: 0.0ms)


Started POST "/api/users" for ::1 at 2020-10-12 17:23:25 -0700
Processing by Api::UsersController#create as JSON
  Parameters: {"user"=>{"email"=>"EB@liberl.com", "password"=>"[FILTERED]"}}
  [1m[35m (2.2ms)[0m  [1m[35mBEGIN[0m
  ↳ app/controllers/api/users_controller.rb:5
  [1m[36mUser Exists (4.0ms)[0m  [1m[34mSELECT  1 AS one FROM "users" WHERE "users"."email" = $1 LIMIT $2[0m  [["email", "EB@liberl.com"], ["LIMIT", 1]]
  ↳ app/controllers/api/users_controller.rb:5
  [1m[36mUser Exists (44.7ms)[0m  [1m[34mSELECT  1 AS one FROM "users" WHERE "users"."session_token" = $1 LIMIT $2[0m  [["session_token", "xiQG15uGnF32VTZ2JuAeZw"], ["LIMIT", 1]]
  ↳ app/controllers/api/users_controller.rb:5
  [1m[36mUser Create (119.3ms)[0m  [1m[32mINSERT INTO "users" ("password_digest", "session_token", "created_at", "updated_at", "email") VALUES ($1, $2, $3, $4, $5) RETURNING "id"[0m  [["password_digest", "$2a$12$7oWkDRGMsDYRMRUf9MNQ.uQJeMvugCEcWk.zl3u1JJ1bN46hKRlCO"], ["session_token", "xiQG15uGnF32VTZ2JuAeZw"], ["created_at", "2020-10-13 00:24:12.160995"], ["updated_at", "2020-10-13 00:24:12.160995"], ["email", "EB@liberl.com"]]
  ↳ app/controllers/api/users_controller.rb:5
  [1m[35m (1.0ms)[0m  [1m[31mROLLBACK[0m
  ↳ app/controllers/api/users_controller.rb:5
Completed 500 Internal Server Error in 46543ms (ActiveRecord: 212.5ms)



ActiveRecord::NotNullViolation - PG::NotNullViolation: ERROR:  null value in column "username" violates not-null constraint
DETAIL:  Failing row contains (2, null, $2a$12$7oWkDRGMsDYRMRUf9MNQ.uQJeMvugCEcWk.zl3u1JJ1bN46hKRlCO, xiQG15uGnF32VTZ2JuAeZw, 2020-10-13 00:24:12.160995, 2020-10-13 00:24:12.160995, EB@liberl.com).
: INSERT INTO "users" ("password_digest", "session_token", "created_at", "updated_at", "email") VALUES ($1, $2, $3, $4, $5) RETURNING "id":
  app/controllers/api/users_controller.rb:5:in `create'

  [1m[35m (11.9ms)[0m  [1m[34mSELECT pg_try_advisory_lock(4027208233535809140)[0m
  ↳ bin/rails:9
  [1m[35m (14.7ms)[0m  [1m[34mSELECT "schema_migrations"."version" FROM "schema_migrations" ORDER BY "schema_migrations"."version" ASC[0m
  ↳ bin/rails:9
Migrating to RemoveUsername (20201013002716)
  [1m[35m (0.2ms)[0m  [1m[35mBEGIN[0m
  ↳ bin/rails:9
  [1m[35m (36.5ms)[0m  [1m[35mALTER TABLE "users" DROP COLUMN "username"[0m
  ↳ db/migrate/20201013002716_remove_username.rb:3
  [1m[36mActiveRecord::SchemaMigration Create (0.7ms)[0m  [1m[32mINSERT INTO "schema_migrations" ("version") VALUES ($1) RETURNING "version"[0m  [["version", "20201013002716"]]
  ↳ bin/rails:9
  [1m[35m (3.1ms)[0m  [1m[35mCOMMIT[0m
  ↳ bin/rails:9
  [1m[36mActiveRecord::InternalMetadata Load (5.5ms)[0m  [1m[34mSELECT  "ar_internal_metadata".* FROM "ar_internal_metadata" WHERE "ar_internal_metadata"."key" = $1 LIMIT $2[0m  [["key", "environment"], ["LIMIT", 1]]
  ↳ bin/rails:9
  [1m[35m (0.2ms)[0m  [1m[35mBEGIN[0m
  ↳ bin/rails:9
  [1m[35m (0.2ms)[0m  [1m[35mCOMMIT[0m
  ↳ bin/rails:9
  [1m[35m (0.4ms)[0m  [1m[34mSELECT pg_advisory_unlock(4027208233535809140)[0m
  ↳ bin/rails:9
  [1m[35m (0.3ms)[0m  [1m[34mSELECT "schema_migrations"."version" FROM "schema_migrations" ORDER BY "schema_migrations"."version" ASC[0m
  ↳ bin/rails:9
Started GET "/" for ::1 at 2020-10-12 17:29:41 -0700
  [1m[35m (1.1ms)[0m  [1m[34mSELECT "schema_migrations"."version" FROM "schema_migrations" ORDER BY "schema_migrations"."version" ASC[0m
  ↳ /Users/brandonleong/.rbenv/versions/2.5.1/lib/ruby/gems/2.5.0/gems/activerecord-5.2.4.4/lib/active_record/log_subscriber.rb:98
Processing by StaticPagesController#root as HTML
  Rendering static_pages/root.html.erb within layouts/application
  Rendered static_pages/root.html.erb within layouts/application (1.4ms)
Completed 200 OK in 1738ms (Views: 1734.5ms | ActiveRecord: 0.0ms)


Started POST "/api/users" for ::1 at 2020-10-12 17:29:59 -0700
Processing by Api::UsersController#create as JSON
  Parameters: {"user"=>{"email"=>"EB@liberl.com", "password"=>"[FILTERED]"}}
  [1m[35m (0.2ms)[0m  [1m[35mBEGIN[0m
  ↳ app/controllers/api/users_controller.rb:5
  [1m[36mUser Exists (2.1ms)[0m  [1m[34mSELECT  1 AS one FROM "users" WHERE "users"."email" = $1 LIMIT $2[0m  [["email", "EB@liberl.com"], ["LIMIT", 1]]
  ↳ app/controllers/api/users_controller.rb:5
  [1m[36mUser Exists (0.5ms)[0m  [1m[34mSELECT  1 AS one FROM "users" WHERE "users"."session_token" = $1 LIMIT $2[0m  [["session_token", "mSWhT_yEpQuyt7aM5dMvYA"], ["LIMIT", 1]]
  ↳ app/controllers/api/users_controller.rb:5
  [1m[36mUser Create (1.3ms)[0m  [1m[32mINSERT INTO "users" ("password_digest", "session_token", "created_at", "updated_at", "email") VALUES ($1, $2, $3, $4, $5) RETURNING "id"[0m  [["password_digest", "$2a$12$c41LPpLws0IVVTNuVH7BJO34xrIeuC1vz.cH3re7uK6WDn5CtgSXq"], ["session_token", "mSWhT_yEpQuyt7aM5dMvYA"], ["created_at", "2020-10-13 00:29:59.534826"], ["updated_at", "2020-10-13 00:29:59.534826"], ["email", "EB@liberl.com"]]
  ↳ app/controllers/api/users_controller.rb:5
  [1m[35m (1.0ms)[0m  [1m[35mCOMMIT[0m
  ↳ app/controllers/api/users_controller.rb:5
Completed 500 Internal Server Error in 831ms (ActiveRecord: 43.9ms)



NameError - undefined local variable or method `user' for #<Api::UsersController:0x00007fc45988e0f8>
Did you mean?  @user:
  app/controllers/api/users_controller.rb:6:in `create'

Started GET "/" for ::1 at 2020-10-12 17:31:23 -0700
Processing by StaticPagesController#root as HTML
  Rendering static_pages/root.html.erb within layouts/application
  Rendered static_pages/root.html.erb within layouts/application (0.6ms)
Completed 200 OK in 50ms (Views: 45.6ms | ActiveRecord: 0.0ms)


Started POST "/api/users" for ::1 at 2020-10-12 17:31:29 -0700
Processing by Api::UsersController#create as JSON
  Parameters: {"user"=>{"email"=>"EB@liberl.com", "password"=>"[FILTERED]"}}
  [1m[35m (2.9ms)[0m  [1m[35mBEGIN[0m
  ↳ app/controllers/api/users_controller.rb:5
  [1m[36mUser Exists (0.7ms)[0m  [1m[34mSELECT  1 AS one FROM "users" WHERE "users"."email" = $1 LIMIT $2[0m  [["email", "EB@liberl.com"], ["LIMIT", 1]]
  ↳ app/controllers/api/users_controller.rb:5
  [1m[36mUser Exists (0.6ms)[0m  [1m[34mSELECT  1 AS one FROM "users" WHERE "users"."session_token" = $1 LIMIT $2[0m  [["session_token", "efzuhSNqVCyJwuYf2G0xCw"], ["LIMIT", 1]]
  ↳ app/controllers/api/users_controller.rb:5
  [1m[35m (0.2ms)[0m  [1m[31mROLLBACK[0m
  ↳ app/controllers/api/users_controller.rb:5
Started GET "/" for ::1 at 2020-10-12 17:33:05 -0700
  [1m[35m (1.2ms)[0m  [1m[34mSELECT "schema_migrations"."version" FROM "schema_migrations" ORDER BY "schema_migrations"."version" ASC[0m
  ↳ /Users/brandonleong/.rbenv/versions/2.5.1/lib/ruby/gems/2.5.0/gems/activerecord-5.2.4.4/lib/active_record/log_subscriber.rb:98
Processing by StaticPagesController#root as HTML
  Rendering static_pages/root.html.erb within layouts/application
  Rendered static_pages/root.html.erb within layouts/application (1.2ms)
Completed 200 OK in 1484ms (Views: 1481.0ms | ActiveRecord: 0.0ms)


Started POST "/api/users" for ::1 at 2020-10-12 17:33:28 -0700
Processing by Api::UsersController#create as JSON
  Parameters: {"user"=>{"email"=>"EB@liberl.com", "password"=>"[FILTERED]"}}
  [1m[35m (0.2ms)[0m  [1m[35mBEGIN[0m
  ↳ app/controllers/api/users_controller.rb:5
  [1m[36mUser Exists (1.2ms)[0m  [1m[34mSELECT  1 AS one FROM "users" WHERE "users"."email" = $1 LIMIT $2[0m  [["email", "EB@liberl.com"], ["LIMIT", 1]]
  ↳ app/controllers/api/users_controller.rb:5
  [1m[36mUser Exists (0.5ms)[0m  [1m[34mSELECT  1 AS one FROM "users" WHERE "users"."session_token" = $1 LIMIT $2[0m  [["session_token", "c4_voLzGtv3KGFcnv3w2Dw"], ["LIMIT", 1]]
  ↳ app/controllers/api/users_controller.rb:5
  [1m[35m (0.2ms)[0m  [1m[31mROLLBACK[0m
  ↳ app/controllers/api/users_controller.rb:5
Started GET "/" for ::1 at 2020-10-12 17:34:32 -0700
  [1m[35m (1.2ms)[0m  [1m[34mSELECT "schema_migrations"."version" FROM "schema_migrations" ORDER BY "schema_migrations"."version" ASC[0m
  ↳ /Users/brandonleong/.rbenv/versions/2.5.1/lib/ruby/gems/2.5.0/gems/activerecord-5.2.4.4/lib/active_record/log_subscriber.rb:98
Processing by StaticPagesController#root as HTML
  Rendering static_pages/root.html.erb within layouts/application
  Rendered static_pages/root.html.erb within layouts/application (1.7ms)
Completed 200 OK in 1403ms (Views: 1399.9ms | ActiveRecord: 0.0ms)


Started POST "/api/users" for ::1 at 2020-10-12 17:34:39 -0700
Processing by Api::UsersController#create as JSON
  Parameters: {"user"=>{"email"=>"EB@liberl.com", "password"=>"[FILTERED]"}}
  [1m[35m (0.3ms)[0m  [1m[35mBEGIN[0m
  ↳ app/controllers/api/users_controller.rb:5
  [1m[36mUser Exists (1.0ms)[0m  [1m[34mSELECT  1 AS one FROM "users" WHERE "users"."email" = $1 LIMIT $2[0m  [["email", "EB@liberl.com"], ["LIMIT", 1]]
  ↳ app/controllers/api/users_controller.rb:5
  [1m[36mUser Exists (0.5ms)[0m  [1m[34mSELECT  1 AS one FROM "users" WHERE "users"."session_token" = $1 LIMIT $2[0m  [["session_token", "b57dYOwTxWI9Rjq_u9pgtA"], ["LIMIT", 1]]
  ↳ app/controllers/api/users_controller.rb:5
  [1m[35m (0.2ms)[0m  [1m[31mROLLBACK[0m
  ↳ app/controllers/api/users_controller.rb:5
Completed 422 Unprocessable Entity in 372ms (Views: 0.3ms | ActiveRecord: 32.7ms)


Started POST "/api/users" for ::1 at 2020-10-12 17:35:25 -0700
Processing by Api::UsersController#create as JSON
  Parameters: {"user"=>{"email"=>"JB@liberl.com", "password"=>"[FILTERED]"}}
  [1m[35m (0.3ms)[0m  [1m[35mBEGIN[0m
  ↳ app/controllers/api/users_controller.rb:5
  [1m[36mUser Exists (1.4ms)[0m  [1m[34mSELECT  1 AS one FROM "users" WHERE "users"."email" = $1 LIMIT $2[0m  [["email", "JB@liberl.com"], ["LIMIT", 1]]
  ↳ app/controllers/api/users_controller.rb:5
  [1m[36mUser Exists (0.4ms)[0m  [1m[34mSELECT  1 AS one FROM "users" WHERE "users"."session_token" = $1 LIMIT $2[0m  [["session_token", "aeBMTqe5mp-U_5LwyfXxKg"], ["LIMIT", 1]]
  ↳ app/controllers/api/users_controller.rb:5
  [1m[36mUser Create (0.7ms)[0m  [1m[32mINSERT INTO "users" ("password_digest", "session_token", "created_at", "updated_at", "email") VALUES ($1, $2, $3, $4, $5) RETURNING "id"[0m  [["password_digest", "$2a$12$x1oDUADGG.cW.gLKLm6nxOa3Ub7/zUkBQxPy7ZSQb.ZF4udCqrrky"], ["session_token", "aeBMTqe5mp-U_5LwyfXxKg"], ["created_at", "2020-10-13 00:35:25.823110"], ["updated_at", "2020-10-13 00:35:25.823110"], ["email", "JB@liberl.com"]]
  ↳ app/controllers/api/users_controller.rb:5
  [1m[35m (1.4ms)[0m  [1m[35mCOMMIT[0m
  ↳ app/controllers/api/users_controller.rb:5
Completed 500 Internal Server Error in 520ms (ActiveRecord: 4.2ms)



NameError - undefined local variable or method `user' for #<Api::UsersController:0x00007ffcd59d5f60>
Did you mean?  @user:
  app/controllers/api/users_controller.rb:6:in `create'

Started GET "/" for ::1 at 2020-10-12 17:35:48 -0700
Processing by StaticPagesController#root as HTML
  Rendering static_pages/root.html.erb within layouts/application
  Rendered static_pages/root.html.erb within layouts/application (0.5ms)
Completed 200 OK in 99ms (Views: 79.7ms | ActiveRecord: 0.0ms)


Started POST "/api/users" for ::1 at 2020-10-12 17:36:17 -0700
Processing by Api::UsersController#create as JSON
  Parameters: {"user"=>{"email"=>"CB@liberl.com", "password"=>"[FILTERED]"}}
  [1m[35m (0.2ms)[0m  [1m[35mBEGIN[0m
  ↳ app/controllers/api/users_controller.rb:5
  [1m[36mUser Exists (0.7ms)[0m  [1m[34mSELECT  1 AS one FROM "users" WHERE "users"."email" = $1 LIMIT $2[0m  [["email", "CB@liberl.com"], ["LIMIT", 1]]
  ↳ app/controllers/api/users_controller.rb:5
  [1m[36mUser Exists (0.5ms)[0m  [1m[34mSELECT  1 AS one FROM "users" WHERE "users"."session_token" = $1 LIMIT $2[0m  [["session_token", "QXhWfUkk3iCdMEnQIjfcpA"], ["LIMIT", 1]]
  ↳ app/controllers/api/users_controller.rb:5
  [1m[36mUser Create (0.4ms)[0m  [1m[32mINSERT INTO "users" ("password_digest", "session_token", "created_at", "updated_at", "email") VALUES ($1, $2, $3, $4, $5) RETURNING "id"[0m  [["password_digest", "$2a$12$v5lBQXAk8IJDY1UfjYq7Y.UYkVXK47RTLIeE3F9.rxnry6uxHn5om"], ["session_token", "QXhWfUkk3iCdMEnQIjfcpA"], ["created_at", "2020-10-13 00:36:17.829828"], ["updated_at", "2020-10-13 00:36:17.829828"], ["email", "CB@liberl.com"]]
  ↳ app/controllers/api/users_controller.rb:5
  [1m[35m (0.8ms)[0m  [1m[35mCOMMIT[0m
  ↳ app/controllers/api/users_controller.rb:5
  [1m[35m (0.2ms)[0m  [1m[35mBEGIN[0m
  ↳ app/models/user.rb:27
  [1m[36mUser Exists (1.1ms)[0m  [1m[34mSELECT  1 AS one FROM "users" WHERE "users"."email" = $1 AND "users"."id" != $2 LIMIT $3[0m  [["email", "CB@liberl.com"], ["id", 5], ["LIMIT", 1]]
  ↳ app/models/user.rb:27
  [1m[36mUser Exists (0.6ms)[0m  [1m[34mSELECT  1 AS one FROM "users" WHERE "users"."session_token" = $1 AND "users"."id" != $2 LIMIT $3[0m  [["session_token", "f4-NtZdMMkvnfavl-62xZg"], ["id", 5], ["LIMIT", 1]]
  ↳ app/models/user.rb:27
  [1m[36mUser Update (0.8ms)[0m  [1m[33mUPDATE "users" SET "session_token" = $1, "updated_at" = $2 WHERE "users"."id" = $3[0m  [["session_token", "f4-NtZdMMkvnfavl-62xZg"], ["updated_at", "2020-10-13 00:36:17.840383"], ["id", 5]]
  ↳ app/models/user.rb:27
  [1m[35m (1.1ms)[0m  [1m[35mCOMMIT[0m
  ↳ app/models/user.rb:27
  Rendering api/users/show.json.jbuilder
  Rendered api/users/_user.json.jbuilder (16.8ms)
  Rendered api/users/show.json.jbuilder (19.7ms)
Completed 500 Internal Server Error in 417ms (ActiveRecord: 30.5ms)



NoMethodError - undefined method `username' for #<User:0x00007ffcd6b9fa20>:
  app/views/api/users/_user.json.jbuilder:1:in `_app_views_api_users__user_json_jbuilder__2466367012086713531_70361901762660'
  app/views/api/users/show.json.jbuilder:1:in `_app_views_api_users_show_json_jbuilder__1437522709377499606_70361901799520'
  app/controllers/api/users_controller.rb:7:in `create'

Started GET "/" for ::1 at 2020-10-12 17:36:41 -0700
Processing by StaticPagesController#root as HTML
  Rendering static_pages/root.html.erb within layouts/application
  Rendered static_pages/root.html.erb within layouts/application (0.5ms)
Completed 200 OK in 115ms (Views: 108.2ms | ActiveRecord: 0.0ms)


Started POST "/api/users" for ::1 at 2020-10-12 17:37:16 -0700
Processing by Api::UsersController#create as JSON
  Parameters: {"user"=>{"email"=>"SH@liberl.com", "password"=>"[FILTERED]"}}
  [1m[35m (0.2ms)[0m  [1m[35mBEGIN[0m
  ↳ app/controllers/api/users_controller.rb:5
  [1m[36mUser Exists (0.6ms)[0m  [1m[34mSELECT  1 AS one FROM "users" WHERE "users"."email" = $1 LIMIT $2[0m  [["email", "SH@liberl.com"], ["LIMIT", 1]]
  ↳ app/controllers/api/users_controller.rb:5
  [1m[36mUser Exists (0.7ms)[0m  [1m[34mSELECT  1 AS one FROM "users" WHERE "users"."session_token" = $1 LIMIT $2[0m  [["session_token", "-_mIpHWe9tPRTGuHGrnm9A"], ["LIMIT", 1]]
  ↳ app/controllers/api/users_controller.rb:5
  [1m[36mUser Create (0.5ms)[0m  [1m[32mINSERT INTO "users" ("password_digest", "session_token", "created_at", "updated_at", "email") VALUES ($1, $2, $3, $4, $5) RETURNING "id"[0m  [["password_digest", "$2a$12$mCvrrOTckU8Et4F2w8Rv2uDnK4Lm4xGna8UlLGoJGlgqwogHzOhia"], ["session_token", "-_mIpHWe9tPRTGuHGrnm9A"], ["created_at", "2020-10-13 00:37:16.717357"], ["updated_at", "2020-10-13 00:37:16.717357"], ["email", "SH@liberl.com"]]
  ↳ app/controllers/api/users_controller.rb:5
  [1m[35m (2.5ms)[0m  [1m[35mCOMMIT[0m
  ↳ app/controllers/api/users_controller.rb:5
  [1m[35m (0.2ms)[0m  [1m[35mBEGIN[0m
  ↳ app/models/user.rb:27
  [1m[36mUser Exists (0.5ms)[0m  [1m[34mSELECT  1 AS one FROM "users" WHERE "users"."email" = $1 AND "users"."id" != $2 LIMIT $3[0m  [["email", "SH@liberl.com"], ["id", 6], ["LIMIT", 1]]
  ↳ app/models/user.rb:27
  [1m[36mUser Exists (0.4ms)[0m  [1m[34mSELECT  1 AS one FROM "users" WHERE "users"."session_token" = $1 AND "users"."id" != $2 LIMIT $3[0m  [["session_token", "PgShZQxVfnPGqTZYG8atcg"], ["id", 6], ["LIMIT", 1]]
  ↳ app/models/user.rb:27
  [1m[36mUser Update (0.6ms)[0m  [1m[33mUPDATE "users" SET "session_token" = $1, "updated_at" = $2 WHERE "users"."id" = $3[0m  [["session_token", "PgShZQxVfnPGqTZYG8atcg"], ["updated_at", "2020-10-13 00:37:16.734751"], ["id", 6]]
  ↳ app/models/user.rb:27
  [1m[35m (0.4ms)[0m  [1m[35mCOMMIT[0m
  ↳ app/models/user.rb:27
  Rendering api/users/show.json.jbuilder
  Rendered api/users/_user.json.jbuilder (0.3ms)
  Rendered api/users/show.json.jbuilder (2.1ms)
Completed 200 OK in 391ms (Views: 11.0ms | ActiveRecord: 6.4ms)


Started DELETE "/api/session" for ::1 at 2020-10-12 17:37:25 -0700
Processing by Api::SessionsController#destroy as JSON
  [1m[36mUser Load (1.2ms)[0m  [1m[34mSELECT  "users".* FROM "users" WHERE "users"."session_token" = $1 LIMIT $2[0m  [["session_token", "PgShZQxVfnPGqTZYG8atcg"], ["LIMIT", 1]]
  ↳ app/controllers/application_controller.rb:9
  [1m[35m (0.9ms)[0m  [1m[35mBEGIN[0m
  ↳ app/models/user.rb:27
  [1m[36mUser Exists (0.6ms)[0m  [1m[34mSELECT  1 AS one FROM "users" WHERE "users"."email" = $1 AND "users"."id" != $2 LIMIT $3[0m  [["email", "SH@liberl.com"], ["id", 6], ["LIMIT", 1]]
  ↳ app/models/user.rb:27
  [1m[36mUser Exists (0.5ms)[0m  [1m[34mSELECT  1 AS one FROM "users" WHERE "users"."session_token" = $1 AND "users"."id" != $2 LIMIT $3[0m  [["session_token", "DoHrsullegkXx4Vq-CMHHQ"], ["id", 6], ["LIMIT", 1]]
  ↳ app/models/user.rb:27
  [1m[36mUser Update (2.0ms)[0m  [1m[33mUPDATE "users" SET "session_token" = $1, "updated_at" = $2 WHERE "users"."id" = $3[0m  [["session_token", "DoHrsullegkXx4Vq-CMHHQ"], ["updated_at", "2020-10-13 00:37:25.288842"], ["id", 6]]
  ↳ app/models/user.rb:27
  [1m[35m (10.7ms)[0m  [1m[35mCOMMIT[0m
  ↳ app/models/user.rb:27
  Rendering api/users/show.json.jbuilder
  Rendered api/users/_user.json.jbuilder (0.5ms)
  Rendered api/users/show.json.jbuilder (5.6ms)
Completed 200 OK in 50ms (Views: 19.3ms | ActiveRecord: 16.1ms)


Started POST "/api/session" for ::1 at 2020-10-12 17:37:30 -0700
Processing by Api::SessionsController#create as JSON
  Parameters: {"user"=>{"email"=>"SH@liberl.com", "password"=>"[FILTERED]"}}
Completed 500 Internal Server Error in 12ms (ActiveRecord: 0.0ms)



ActiveRecord::StatementInvalid - PG::UndefinedColumn: ERROR:  column users.username does not exist
LINE 1: SELECT  "users".* FROM "users" WHERE "users"."username" = $1...
                                             ^
: SELECT  "users".* FROM "users" WHERE "users"."username" = $1 LIMIT $2:
  app/models/user.rb:11:in `find_by_credentials'
  app/controllers/api/sessions_controller.rb:4:in `create'

Started GET "/" for ::1 at 2020-10-12 17:37:50 -0700
Processing by StaticPagesController#root as HTML
  Rendering static_pages/root.html.erb within layouts/application
  Rendered static_pages/root.html.erb within layouts/application (1.8ms)
Completed 200 OK in 115ms (Views: 111.4ms | ActiveRecord: 0.0ms)


